{
  "stats": {
    "suites": 2,
    "tests": 2,
    "passes": 2,
    "pending": 0,
    "failures": 0,
    "start": "2022-02-14T19:26:25.218Z",
    "end": "2022-02-14T19:26:26.477Z",
    "duration": 1259,
    "testsRegistered": 2,
    "passPercent": 100,
    "pendingPercent": 0,
    "other": 0,
    "hasOther": false,
    "skipped": 0,
    "hasSkipped": false
  },
  "results": [
    {
      "uuid": "0fb3bea7-03c6-4ff8-819a-bcc88b790cf9",
      "title": "",
      "fullFile": "",
      "file": "",
      "beforeHooks": [],
      "afterHooks": [],
      "tests": [],
      "suites": [
        {
          "uuid": "d8e60f4b-ea7f-45a0-bb1b-c9a2997430d4",
          "title": "Store inventory should have status code 200",
          "fullFile": "C:\\Users\\UC264228\\Learning\\api\\API-tests-with-axios\\test\\petStoreTests.spec.js",
          "file": "\\test\\petStoreTests.spec.js",
          "beforeHooks": [],
          "afterHooks": [],
          "tests": [
            {
              "title": "Should have status code 200",
              "fullTitle": "Store inventory should have status code 200 Should have status code 200",
              "timedOut": false,
              "duration": 764,
              "state": "passed",
              "speed": "slow",
              "pass": true,
              "fail": false,
              "pending": false,
              "context": null,
              "code": "let statusCode = await ApiHelper.getStatusCode(urls.storeInventory);\nexpect(statusCode).to.equal(200);",
              "err": {},
              "uuid": "e91615f5-f6a0-4458-8d28-3a5881fad839",
              "parentUUID": "d8e60f4b-ea7f-45a0-bb1b-c9a2997430d4",
              "isHook": false,
              "skipped": false
            }
          ],
          "suites": [],
          "passes": [
            "e91615f5-f6a0-4458-8d28-3a5881fad839"
          ],
          "failures": [],
          "pending": [],
          "skipped": [],
          "duration": 764,
          "root": false,
          "rootEmpty": false,
          "_timeout": 2000
        },
        {
          "uuid": "af9a766e-bfb6-4d33-928d-83e6b29b24cc",
          "title": "Should return an error when an invalid id is passed",
          "fullFile": "C:\\Users\\UC264228\\Learning\\api\\API-tests-with-axios\\test\\petStoreTests.spec.js",
          "file": "\\test\\petStoreTests.spec.js",
          "beforeHooks": [],
          "afterHooks": [],
          "tests": [
            {
              "title": "Should display an error message",
              "fullTitle": "Should return an error when an invalid id is passed Should display an error message",
              "timedOut": false,
              "duration": 485,
              "state": "passed",
              "speed": "slow",
              "pass": true,
              "fail": false,
              "pending": false,
              "context": null,
              "code": "let response = await ApiHelper.getById(urls.pet, 'blah');\nexpect(response.message).to.equal('Request failed with status code 404');",
              "err": {},
              "uuid": "abc99e21-fdb7-4108-8354-3f4dd5589e3b",
              "parentUUID": "af9a766e-bfb6-4d33-928d-83e6b29b24cc",
              "isHook": false,
              "skipped": false
            }
          ],
          "suites": [],
          "passes": [
            "abc99e21-fdb7-4108-8354-3f4dd5589e3b"
          ],
          "failures": [],
          "pending": [],
          "skipped": [],
          "duration": 485,
          "root": false,
          "rootEmpty": false,
          "_timeout": 2000
        }
      ],
      "passes": [],
      "failures": [],
      "pending": [],
      "skipped": [],
      "duration": 0,
      "root": true,
      "rootEmpty": true,
      "_timeout": 2000
    }
  ],
  "meta": {
    "mocha": {
      "version": "9.2.0"
    },
    "mochawesome": {
      "options": {
        "quiet": false,
        "reportFilename": "mochawesome",
        "saveHtml": true,
        "saveJson": true,
        "consoleReporter": "spec",
        "useInlineDiffs": false,
        "code": true
      },
      "version": "7.0.1"
    },
    "marge": {
      "options": null,
      "version": "6.0.1"
    }
  }
}