{
  "stats": {
    "suites": 2,
    "tests": 2,
    "passes": 2,
    "pending": 0,
    "failures": 0,
    "start": "2022-02-15T09:00:44.775Z",
    "end": "2022-02-15T09:00:46.510Z",
    "duration": 1735,
    "testsRegistered": 2,
    "passPercent": 100,
    "pendingPercent": 0,
    "other": 0,
    "hasOther": false,
    "skipped": 0,
    "hasSkipped": false
  },
  "results": [
    {
      "uuid": "895446d3-b71a-4dfb-94dc-36870183200e",
      "title": "",
      "fullFile": "",
      "file": "",
      "beforeHooks": [],
      "afterHooks": [],
      "tests": [],
      "suites": [
        {
          "uuid": "722c81fb-b2c2-4f47-bc0f-7b2d239b3eda",
          "title": "Store inventory should have status code 200",
          "fullFile": "C:\\Users\\UC264228\\Learning\\api\\API-tests-with-axios\\test\\petStoreTests.spec.js",
          "file": "\\test\\petStoreTests.spec.js",
          "beforeHooks": [],
          "afterHooks": [],
          "tests": [
            {
              "title": "Should have status code 200",
              "fullTitle": "Store inventory should have status code 200 Should have status code 200",
              "timedOut": false,
              "duration": 1121,
              "state": "passed",
              "speed": "slow",
              "pass": true,
              "fail": false,
              "pending": false,
              "context": null,
              "code": "let statusCode = await ApiHelper.getStatusCode(urls.storeInventory);\nexpect(statusCode).to.equal(200);",
              "err": {},
              "uuid": "f0ba28a0-7917-4b7d-8ed6-bc64d6d8b340",
              "parentUUID": "722c81fb-b2c2-4f47-bc0f-7b2d239b3eda",
              "isHook": false,
              "skipped": false
            }
          ],
          "suites": [],
          "passes": [
            "f0ba28a0-7917-4b7d-8ed6-bc64d6d8b340"
          ],
          "failures": [],
          "pending": [],
          "skipped": [],
          "duration": 1121,
          "root": false,
          "rootEmpty": false,
          "_timeout": 2000
        },
        {
          "uuid": "95cca8b4-3328-4184-894b-60a342d7b220",
          "title": "Should return 404 when an invalid id is passed",
          "fullFile": "C:\\Users\\UC264228\\Learning\\api\\API-tests-with-axios\\test\\petStoreTests.spec.js",
          "file": "\\test\\petStoreTests.spec.js",
          "beforeHooks": [],
          "afterHooks": [],
          "tests": [
            {
              "title": "Should display an error message",
              "fullTitle": "Should return 404 when an invalid id is passed Should display an error message",
              "timedOut": false,
              "duration": 604,
              "state": "passed",
              "speed": "slow",
              "pass": true,
              "fail": false,
              "pending": false,
              "context": null,
              "code": "let response = await ApiHelper.getById(urls.pet, 'blah');\nexpect(response.message).to.equal('Request failed with status code 404');",
              "err": {},
              "uuid": "7d4a50fe-1d06-446d-b43b-02f9b8b3c069",
              "parentUUID": "95cca8b4-3328-4184-894b-60a342d7b220",
              "isHook": false,
              "skipped": false
            }
          ],
          "suites": [],
          "passes": [
            "7d4a50fe-1d06-446d-b43b-02f9b8b3c069"
          ],
          "failures": [],
          "pending": [],
          "skipped": [],
          "duration": 604,
          "root": false,
          "rootEmpty": false,
          "_timeout": 2000
        }
      ],
      "passes": [],
      "failures": [],
      "pending": [],
      "skipped": [],
      "duration": 0,
      "root": true,
      "rootEmpty": true,
      "_timeout": 2000
    }
  ],
  "meta": {
    "mocha": {
      "version": "9.2.0"
    },
    "mochawesome": {
      "options": {
        "quiet": false,
        "reportFilename": "mochawesome",
        "saveHtml": true,
        "saveJson": true,
        "consoleReporter": "spec",
        "useInlineDiffs": false,
        "code": true
      },
      "version": "7.0.1"
    },
    "marge": {
      "options": null,
      "version": "6.0.1"
    }
  }
}